======================================== 
AI News Scheduler Started 
Start time: 2026/03/10 周二 23:19:43.91 
Log file: C:\Users\h604658591\Demo2\logs\scheduler_20260310_2319.log 
======================================== 
Checking Python environment... 
Python 3.13.12
[OK] Python check passed 
Checking Git environment... 
git version 2.53.0.windows.1
[OK] Git check passed 
Generating latest news... 
开始生成修复版今日简讯...
result/index.html生成完成（修复版样式）
result/index.html已复制到根目录
Markdown文件生成完成
Traceback (most recent call last):
  File "C:\Users\h604658591\Demo2\generate_fixed_news.py", line 690, in <module>
    generate_fixed_news()
    ~~~~~~~~~~~~~~~~~~~^^
  File "C:\Users\h604658591\Demo2\generate_fixed_news.py", line 91, in generate_fixed_news
    update_resultai_file(today_date, current_time, len(todays_insights))
    ~~~~~~~~~~~~~~~~~~~~^^^^^^^^^^^^^^^^^^^^^^^^^^^^^^^^^^^^^^^^^^^^^^^^
  File "C:\Users\h604658591\Demo2\generate_fixed_news.py", line 685, in update_resultai_file
    writer.writerows(rows)
    ~~~~~~~~~~~~~~~~^^^^^^
  File "C:\Users\h604658591\AppData\Local\Programs\Python\Python313\Lib\csv.py", line 229, in writerows
    return self.writer.writerows(map(self._dict_to_list, rowdicts))
           ~~~~~~~~~~~~~~~~~~~~~^^^^^^^^^^^^^^^^^^^^^^^^^^^^^^^^^^^
  File "C:\Users\h604658591\AppData\Local\Programs\Python\Python313\Lib\csv.py", line 221, in _dict_to_list
    raise ValueError("dict contains fields not in fieldnames: "
                     + ", ".join([repr(x) for x in wrong_fields]))
ValueError: dict contains fields not in fieldnames: '最新简讯发布时间'
ERROR: News generation failed 
======================================== 
AI News Scheduler Failed! 
Error time: 2026/03/10 周二 23:20:21.83 
======================================== 
