======================================== 
AI News Scheduler Started 
Start time: 2026/03/08 周日 22:15:37.96 
Log file: C:\Users\h604658591\Demo2\logs\scheduler_20260308_2215.log 
======================================== 
Checking Python environment... 
Python 3.13.12
[OK] Python check passed 
Checking Git environment... 
git version 2.53.0.windows.1
[OK] Git check passed 
Generating latest news... 
开始生成修复版今日简讯...
result/index.html生成完成（修复版样式）
result/index.html已复制到根目录
Markdown文件生成完成
数据源统计文件更新完成

修复版今日简讯生成完成！
统计信息:
   生成简讯: 6条
   发布时间范围: 2026年3月4日 - 2026年3月7日
   生成文件:
     - result/index.html (修复版样式)
     - index.html (由result/index.html覆盖)
     - latest.md
     - source/resultAI.csv
[OK] News generation completed 
Committing changes to Git... 
warning: in the working copy of 'logs/scheduler_20260308_2213.log', LF will be replaced by CRLF the next time Git touches it
warning: in the working copy of 'logs/scheduler_20260308_2215.log', LF will be replaced by CRLF the next time Git touches it
[main 0b0d5be] Auto update AI news: 2026-03-08 22:15
 6 files changed, 96 insertions(+), 26 deletions(-)
 create mode 100644 logs/scheduler_20260308_2215.log
[OK] Git commit completed 
Pushing to GitHub... 
To github.com:harker1544525153-lang/ai-insights.git
   231e60c..0b0d5be  main -> main
[OK] GitHub push completed 
Cleaning old log files... 
错误: 用指定的搜索标准没有找到文件。
======================================== 
AI News Scheduler Completed Successfully! 
End time: 2026/03/08 周日 22:15:43.35 
======================================== 
